C51 COMPILER V9.01   MAIN                                                                  05/21/2024 20:57:35 PAGE 1   


C51 COMPILER V9.01, COMPILATION OF MODULE MAIN
OBJECT MODULE PLACED IN main.OBJ
COMPILER INVOKED BY: C:\Keil\C51\BIN\C51.EXE main.c BROWSE INCDIR(..\..\..\..\..\Embedded_Lib\C C++\Embedded_C99\Microco
                    -ntroller\8051\Lib) DEBUG OBJECTEXTEND

line level    source

   1          #include "main.h"
   2          #include "Delay.h"
*** WARNING C318 IN LINE 2 OF main.c: can't open file 'Delay.h'
   3          
   4          sbit DEN_DO = P0^0;
   5          sbit DEN_VANG = P0^1;
   6          sbit DEN_XANH = P0^2;
   7          #define LED_CHUC P2
   8          #define LED_DV P3
   9          
  10          unsigned char code segments7Led[] = {0xC0, 0xF9, 0xA4, 0xB0, 0x99, 0x92, 0x82, 0xF8, 0x80, 0x90};
  11          
  12          void main()
  13          {
  14   1              signed char i;
  15   1              while(1)
  16   1              {
  17   2                      //den do
  18   2                      DEN_DO = 0;
  19   2                      DEN_VANG = 1;
  20   2                      DEN_XANH = 1;
  21   2                      for(i=20;i>=0;i--)
  22   2                      {
  23   3                              LED_CHUC = segments7Led[i/10];
  24   3                              LED_DV = segments7Led[i%10];
  25   3                              Delay_ms(1000);
*** WARNING C206 IN LINE 25 OF MAIN.C: 'Delay_ms': missing function-prototype
*** ERROR C267 IN LINE 25 OF MAIN.C: 'Delay_ms': requires ANSI-style prototype
  26   3                      }
  27   2                      //den xanh
  28   2                      DEN_DO = 1;
  29   2                      DEN_VANG = 1;
  30   2                      DEN_XANH = 0;
  31   2                      for(i=15;i>=0;i--)
  32   2                      {
  33   3                              LED_CHUC = segments7Led[i/10];
  34   3                              LED_DV = segments7Led[i%10];
  35   3                              Delay_ms(1000);
  36   3                      }
  37   2                      //den vang
  38   2                      DEN_DO = 1;
  39   2                      DEN_VANG = 0;
  40   2                      DEN_XANH = 1;
  41   2                      for(i=5;i>=0;i--)
  42   2                      {
  43   3                              LED_CHUC = segments7Led[i/10];
  44   3                              LED_DV = segments7Led[i%10];
  45   3                              Delay_ms(1000);
  46   3                      }
  47   2              }
  48   1      }

C51 COMPILATION COMPLETE.  2 WARNING(S),  1 ERROR(S)
